TN:
SF:/Users/leonidbeder/work/orbs-token/contracts/MultiSigWallet.sol
FN:46,onlyWallet
FN:51,ownerDoesNotExist
FN:56,ownerExists
FN:61,transactionExists
FN:66,confirmed
FN:71,notConfirmed
FN:76,notExecuted
FN:81,notNull
FN:86,validRequirement
FN:95,
FN:108,
FN:122,addOwner
FN:136,removeOwner
FN:158,replaceOwner
FN:177,changeRequirement
FN:191,submitTransaction
FN:201,confirmTransaction
FN:214,revokeConfirmation
FN:226,executeTransaction
FN:247,isConfirmed
FN:272,addTransaction
FN:294,getConfirmationCount
FN:309,getTransactionCount
FN:323,getOwners
FN:334,getConfirmations
FN:358,getTransactionIds
FNF:26
FNH:26
FNDA:114,onlyWallet
FNDA:37,ownerDoesNotExist
FNDA:1196,ownerExists
FNDA:535,transactionExists
FNDA:553,confirmed
FNDA:526,notConfirmed
FNDA:539,notExecuted
FNDA:285,notNull
FNDA:328,validRequirement
FNDA:170,
FNDA:302,
FNDA:9,addOwner
FNDA:9,removeOwner
FNDA:10,replaceOwner
FNDA:13,changeRequirement
FNDA:267,submitTransaction
FNDA:486,confirmTransaction
FNDA:5,revokeConfirmation
FNDA:498,executeTransaction
FNDA:665,isConfirmed
FNDA:258,addTransaction
FNDA:32,getConfirmationCount
FNDA:568,getTransactionCount
FNDA:1,getOwners
FNDA:87,getConfirmations
FNDA:160,getTransactionIds
DA:47,114
DA:48,78
DA:52,37
DA:53,28
DA:57,1196
DA:58,1107
DA:62,535
DA:63,526
DA:67,553
DA:68,539
DA:72,526
DA:73,486
DA:77,539
DA:78,503
DA:82,285
DA:83,267
DA:87,328
DA:91,324
DA:97,170
DA:98,169
DA:112,302
DA:113,1047
DA:114,1046
DA:116,301
DA:117,301
DA:129,9
DA:130,9
DA:131,9
DA:141,9
DA:142,9
DA:143,16
DA:144,7
DA:145,7
DA:147,9
DA:148,9
DA:149,3
DA:152,9
DA:164,10
DA:165,19
DA:166,10
DA:167,10
DA:169,10
DA:170,10
DA:171,10
DA:172,10
DA:182,13
DA:183,13
DA:195,267
DA:196,258
DA:207,486
DA:208,486
DA:209,486
DA:220,5
DA:221,5
DA:232,498
DA:233,186
DA:234,186
DA:235,186
DA:236,113
DA:238,73
DA:239,73
DA:252,665
DA:253,665
DA:254,2146
DA:255,1251
DA:258,2146
DA:259,259
DA:277,258
DA:278,258
DA:284,258
DA:285,258
DA:299,32
DA:300,122
DA:301,72
DA:314,568
DA:315,740
DA:317,370
DA:328,1
DA:339,87
DA:340,87
DA:341,87
DA:342,87
DA:343,335
DA:344,197
DA:345,197
DA:347,87
DA:348,87
DA:349,197
DA:363,160
DA:364,160
DA:365,160
DA:366,160
DA:367,221
DA:370,185
DA:371,185
DA:373,160
DA:374,160
DA:375,185
LF:98
LH:98
BRDA:47,1,0,78
BRDA:47,1,1,36
BRDA:52,2,0,28
BRDA:52,2,1,9
BRDA:57,3,0,1107
BRDA:57,3,1,89
BRDA:62,4,0,526
BRDA:62,4,1,9
BRDA:67,5,0,539
BRDA:67,5,1,14
BRDA:72,6,0,486
BRDA:72,6,1,40
BRDA:77,7,0,503
BRDA:77,7,1,36
BRDA:82,8,0,267
BRDA:82,8,1,18
BRDA:87,9,0,324
BRDA:87,9,1,4
BRDA:97,10,0,169
BRDA:97,10,1,1
BRDA:113,11,0,1046
BRDA:113,11,1,1
BRDA:143,12,0,7
BRDA:143,12,1,9
BRDA:148,13,0,3
BRDA:148,13,1,6
BRDA:165,14,0,10
BRDA:165,14,1,9
BRDA:232,15,0,186
BRDA:232,15,1,312
BRDA:235,16,0,113
BRDA:235,16,1,73
BRDA:254,17,0,1251
BRDA:254,17,1,895
BRDA:258,18,0,259
BRDA:258,18,1,1887
BRDA:300,19,0,72
BRDA:300,19,1,50
BRDA:315,20,0,370
BRDA:315,20,1,370
BRDA:343,21,0,197
BRDA:343,21,1,138
BRDA:367,22,0,185
BRDA:367,22,1,36
BRF:44
BRH:44
end_of_record
TN:
SF:/Users/leonidbeder/work/orbs-token/contracts/OrbsToken.sol
FN:17,
FNF:1
FNH:1
FNDA:6,
DA:18,6
DA:20,5
DA:21,5
DA:22,5
LF:4
LH:4
BRDA:18,1,0,5
BRDA:18,1,1,1
BRF:2
BRH:2
end_of_record
